<?xml version="1.0" encoding="UTF-8"?>
<testng-results skipped="0" failed="0" total="1" passed="1">
  <reporter-output>
  </reporter-output>
  <suite name="Default suite" duration-ms="943" started-at="2015-09-30T08:27:53Z" finished-at="2015-09-30T08:27:54Z">
    <groups>
    </groups>
    <test name="Default test" duration-ms="943" started-at="2015-09-30T08:27:53Z" finished-at="2015-09-30T08:27:54Z">
      <class name="com.gateside.autotesting.generation.unittest.DeleteFavorForumTestCase">
        <test-method status="PASS" signature="beforeTestMethod()[pri:0, instance:com.gateside.autotesting.generation.unittest.DeleteFavorForumTestCase@f61f5c]" name="beforeTestMethod" is-config="true" duration-ms="6" started-at="2015-09-30T16:27:53Z" finished-at="2015-09-30T16:27:53Z">
          <reporter-output>
          </reporter-output>
        </test-method> <!-- beforeTestMethod -->
        <test-method status="PASS" signature="Test01()[pri:0, instance:com.gateside.autotesting.generation.unittest.DeleteFavorForumTestCase@f61f5c]" name="Test01" duration-ms="929" started-at="2015-09-30T16:27:53Z" finished-at="2015-09-30T16:27:54Z">
          <reporter-output>
          </reporter-output>
        </test-method> <!-- Test01 -->
        <test-method status="PASS" signature="beforeMethod()[pri:0, instance:com.gateside.autotesting.generation.unittest.DeleteFavorForumTestCase@f61f5c]" name="beforeMethod" is-config="true" duration-ms="0" started-at="2015-09-30T16:27:53Z" finished-at="2015-09-30T16:27:53Z">
          <reporter-output>
          </reporter-output>
        </test-method> <!-- beforeMethod -->
        <test-method status="PASS" signature="afterMethod()[pri:0, instance:com.gateside.autotesting.generation.unittest.DeleteFavorForumTestCase@f61f5c]" name="afterMethod" is-config="true" duration-ms="0" started-at="2015-09-30T16:27:54Z" finished-at="2015-09-30T16:27:54Z">
          <reporter-output>
          </reporter-output>
        </test-method> <!-- afterMethod -->
        <test-method status="PASS" signature="afterClassMethod()[pri:0, instance:com.gateside.autotesting.generation.unittest.DeleteFavorForumTestCase@f61f5c]" name="afterClassMethod" is-config="true" duration-ms="0" started-at="2015-09-30T16:27:54Z" finished-at="2015-09-30T16:27:54Z">
          <reporter-output>
          </reporter-output>
        </test-method> <!-- afterClassMethod -->
      </class> <!-- com.gateside.autotesting.generation.unittest.DeleteFavorForumTestCase -->
    </test> <!-- Default test -->
  </suite> <!-- Default suite -->
</testng-results>
